2024-11-01T11:59:19.116311-0400 INFO Listando contêineres
2024-11-01T12:03:07.396163-0400 INFO Listando contêineres Docker
2024-11-01T12:03:12.571217-0400 INFO Listando contêineres Docker
2024-11-01T12:03:28.960236-0400 INFO Contêiner 8e1195fa7fab parado
2024-11-01T12:03:32.865216-0400 INFO Listando contêineres Docker
2024-11-01T12:03:39.183480-0400 INFO Listando contêineres Docker
2024-11-01T12:04:06.531110-0400 INFO Contêiner 7a6bd6962fcb parado
2024-11-01T12:04:08.736505-0400 INFO Listando contêineres Docker
2024-11-01T12:04:10.425603-0400 INFO Listando contêineres Docker
2024-11-01T12:05:03.187462-0400 INFO Listando contêineres Docker
2024-11-01T12:05:18.906020-0400 INFO Contêiner 92bff26b8603 reiniciado
2024-11-01T12:05:22.054626-0400 INFO Listando contêineres Docker
2024-11-01T12:08:12.062452-0400 INFO Listando contêineres Docker
2024-11-01T12:08:20.694808-0400 INFO Contêiner 8e1195fa7fab reiniciado
2024-11-01T12:08:24.070890-0400 INFO Listando contêineres Docker
2024-11-01T12:08:41.590806-0400 INFO Listando contêineres Docker
2024-11-01T12:09:19.394925-0400 INFO Contêiner 8e1195fa7fab reiniciado
2024-11-01T12:09:22.495958-0400 INFO Listando contêineres Docker
2024-11-01T12:11:43.700908-0400 INFO Listando contêineres Docker
2024-11-01T12:13:42.542153-0400 INFO Listando contêineres Docker
2024-11-01T12:13:58.187190-0400 INFO Contêiner 7a6bd6962fcb reiniciado
2024-11-01T12:14:01.390153-0400 INFO Listando contêineres Docker
2024-11-01T12:14:05.896441-0400 INFO Listando contêineres Docker
2024-11-01T12:14:22.354792-0400 INFO Contêiner 7a6bd6962fcb reiniciado
2024-11-01T12:14:24.043105-0400 INFO Listando contêineres Docker
2024-11-01T12:15:54.879823-0400 INFO Listando contêineres Docker
2024-11-01T12:16:43.231772-0400 INFO Contêiner 8e1195fa7fab reiniciado
2024-11-01T12:16:47.237479-0400 INFO Listando contêineres Docker
2024-11-01T12:20:37.249288-0400 INFO Listando contêineres Docker
2024-11-01T12:21:25.845791-0400 INFO Listando contêineres Docker
2024-11-01T12:21:29.781319-0400 INFO Listando contêineres Docker
2024-11-01T12:21:48.840351-0400 INFO Listando contêineres Docker
2024-11-01T12:21:58.607568-0400 INFO Contêiner 8e1195fa7fab reiniciado
2024-11-01T12:22:00.313931-0400 INFO Listando contêineres Docker
2024-11-01T12:22:07.164592-0400 INFO Contêiner 8e1195fa7fab parado
2024-11-01T12:22:08.708350-0400 INFO Listando contêineres Docker
2024-11-01T12:24:43.011249-0400 INFO Listando todos os contêineres Docker (incluindo parados)
2024-11-01T12:24:47.873948-0400 INFO Listando todos os contêineres Docker (incluindo parados)
2024-11-01T12:24:52.901616-0400 INFO Listando todos os contêineres Docker (incluindo parados)
2024-11-01T12:24:53.986468-0400 INFO Listando todos os contêineres Docker (incluindo parados)
2024-11-01T12:24:58.256937-0400 INFO Listando todos os contêineres Docker (incluindo parados)
2024-11-01T12:24:58.517576-0400 INFO Contêiner 8e1195fa7fab reiniciado
2024-11-01T12:25:01.727756-0400 INFO Listando todos os contêineres Docker (incluindo parados)
2024-11-01T12:25:03.418551-0400 INFO Listando todos os contêineres Docker (incluindo parados)
2024-11-01T12:25:04.778827-0400 INFO Contêiner 8e1195fa7fab parado
2024-11-01T12:25:08.372097-0400 INFO Listando todos os contêineres Docker (incluindo parados)
2024-11-01T12:25:09.349733-0400 INFO Listando todos os contêineres Docker (incluindo parados)
2024-11-01T12:25:13.165952-0400 INFO Listando todos os contêineres Docker (incluindo parados)
2024-11-01T12:25:18.223289-0400 INFO Listando todos os contêineres Docker (incluindo parados)
2024-11-01T12:25:23.669253-0400 INFO Listando todos os contêineres Docker (incluindo parados)
2024-11-01T12:25:24.608401-0400 INFO Listando todos os contêineres Docker (incluindo parados)
2024-11-01T12:25:29.134843-0400 INFO Listando todos os contêineres Docker (incluindo parados)
2024-11-01T12:25:34.944658-0400 INFO Listando todos os contêineres Docker (incluindo parados)
2024-11-01T12:25:40.077563-0400 INFO Listando todos os contêineres Docker (incluindo parados)
2024-11-01T12:25:44.958106-0400 INFO Listando todos os contêineres Docker (incluindo parados)
2024-11-01T12:25:49.872952-0400 INFO Listando todos os contêineres Docker (incluindo parados)
2024-11-01T12:25:54.956829-0400 INFO Listando todos os contêineres Docker (incluindo parados)
2024-11-01T12:25:59.941631-0400 INFO Listando todos os contêineres Docker (incluindo parados)
2024-11-01T12:26:04.811140-0400 INFO Listando todos os contêineres Docker (incluindo parados)
2024-11-01T12:26:09.885123-0400 INFO Listando todos os contêineres Docker (incluindo parados)
2024-11-01T12:26:15.151129-0400 INFO Listando todos os contêineres Docker (incluindo parados)
2024-11-01T12:26:19.871429-0400 INFO Listando todos os contêineres Docker (incluindo parados)
2024-11-01T12:26:24.828331-0400 INFO Listando todos os contêineres Docker (incluindo parados)
2024-11-01T12:26:51.222740-0400 INFO Listando todos os contêineres Docker (incluindo parados)
2024-11-01T12:29:54.745614-0400 INFO Listando todos os contêineres Docker com estatísticas detalhadas
2024-11-01T12:30:07.669663-0400 INFO Listando todos os contêineres Docker com estatísticas detalhadas
2024-11-01T12:30:19.443398-0400 ERROR Erro ao listar contêineres: Command '['docker', 'stats', '--no-stream', '--format', '{{json .}}', '8f72318f64b7']' returned non-zero exit status 1.
2024-11-01T12:30:45.806910-0400 INFO Listando todos os contêineres Docker com estatísticas detalhadas
2024-11-01T12:30:59.162881-0400 INFO Listando todos os contêineres Docker com estatísticas detalhadas
2024-11-01T12:31:03.863019-0400 ERROR Erro ao listar contêineres: Command '['docker', 'stats', '--no-stream', '--format', '{{json .}}', 'fcf8853f2553']' returned non-zero exit status 1.
2024-11-01T12:31:19.733022-0400 INFO Listando todos os contêineres Docker (incluindo parados)
2024-11-01T12:31:24.640749-0400 INFO Listando todos os contêineres Docker (incluindo parados)
2024-11-01T12:31:29.720067-0400 INFO Listando todos os contêineres Docker (incluindo parados)
2024-11-01T12:31:30.339630-0400 INFO Contêiner 92bff26b8603 iniciado
2024-11-01T12:31:32.907945-0400 INFO Listando todos os contêineres Docker (incluindo parados)
2024-11-01T12:31:34.628328-0400 INFO Listando todos os contêineres Docker (incluindo parados)
2024-11-01T12:31:35.547498-0400 INFO Contêiner 7a6bd6962fcb iniciado
2024-11-01T12:31:37.992731-0400 INFO Listando todos os contêineres Docker (incluindo parados)
2024-11-01T12:31:39.534554-0400 INFO Listando todos os contêineres Docker (incluindo parados)
2024-11-01T12:31:44.416104-0400 INFO Listando todos os contêineres Docker (incluindo parados)
2024-11-01T12:31:49.482159-0400 INFO Listando todos os contêineres Docker (incluindo parados)
2024-11-01T12:31:54.698915-0400 INFO Listando todos os contêineres Docker (incluindo parados)
2024-11-01T12:31:59.649095-0400 INFO Listando todos os contêineres Docker (incluindo parados)
2024-11-01T12:32:04.623094-0400 INFO Listando todos os contêineres Docker (incluindo parados)
2024-11-01T12:32:09.678887-0400 INFO Listando todos os contêineres Docker (incluindo parados)
2024-11-01T12:32:14.606024-0400 INFO Listando todos os contêineres Docker (incluindo parados)
2024-11-01T12:32:19.740809-0400 INFO Listando todos os contêineres Docker (incluindo parados)
2024-11-01T12:32:24.633194-0400 INFO Listando todos os contêineres Docker (incluindo parados)
2024-11-01T12:32:29.741763-0400 INFO Listando todos os contêineres Docker (incluindo parados)
2024-11-01T12:32:34.680758-0400 INFO Listando todos os contêineres Docker (incluindo parados)
2024-11-01T12:32:39.686403-0400 INFO Listando todos os contêineres Docker (incluindo parados)
2024-11-01T12:32:45.300605-0400 INFO Listando todos os contêineres Docker (incluindo parados)
2024-11-01T12:32:49.788054-0400 INFO Listando todos os contêineres Docker (incluindo parados)
2024-11-01T12:33:50.781932-0400 INFO Listando todos os contêineres Docker (incluindo parados)
2024-11-01T12:34:50.714936-0400 INFO Listando todos os contêineres Docker (incluindo parados)
2024-11-01T12:35:50.712966-0400 INFO Listando todos os contêineres Docker (incluindo parados)
2024-11-01T12:36:50.752243-0400 INFO Listando todos os contêineres Docker (incluindo parados)
2024-11-01T12:37:35.783853-0400 INFO Listando todos os contêineres Docker (incluindo parados)
2024-11-01T12:37:38.679631-0400 INFO Listando todos os contêineres Docker (incluindo parados)
2024-11-01T12:37:43.729887-0400 INFO Listando todos os contêineres Docker (incluindo parados)
2024-11-01T12:37:48.729655-0400 INFO Listando todos os contêineres Docker (incluindo parados)
2024-11-01T12:37:53.742200-0400 INFO Listando todos os contêineres Docker (incluindo parados)
2024-11-01T12:37:58.612928-0400 INFO Listando todos os contêineres Docker (incluindo parados)
2024-11-01T12:38:03.662495-0400 INFO Listando todos os contêineres Docker (incluindo parados)
2024-11-01T12:38:05.144497-0400 INFO Contêiner 8e1195fa7fab iniciado
2024-11-01T12:38:07.484558-0400 INFO Listando todos os contêineres Docker (incluindo parados)
2024-11-01T12:38:08.642455-0400 INFO Listando todos os contêineres Docker (incluindo parados)
2024-11-01T12:38:13.553744-0400 INFO Listando todos os contêineres Docker (incluindo parados)
2024-11-01T12:38:18.531100-0400 INFO Listando todos os contêineres Docker (incluindo parados)
2024-11-01T12:38:23.534554-0400 INFO Listando todos os contêineres Docker (incluindo parados)
2024-11-01T12:38:28.532468-0400 INFO Listando todos os contêineres Docker (incluindo parados)
2024-11-01T12:38:33.529389-0400 INFO Listando todos os contêineres Docker (incluindo parados)
2024-11-01T12:38:38.568260-0400 INFO Listando todos os contêineres Docker (incluindo parados)
2024-11-01T12:38:43.536349-0400 INFO Listando todos os contêineres Docker (incluindo parados)
2024-11-01T12:38:48.566260-0400 INFO Listando todos os contêineres Docker (incluindo parados)
2024-11-01T12:38:53.537688-0400 INFO Listando todos os contêineres Docker (incluindo parados)
2024-11-01T12:38:58.533720-0400 INFO Listando todos os contêineres Docker (incluindo parados)
2024-11-01T12:39:03.534059-0400 INFO Listando todos os contêineres Docker (incluindo parados)
2024-11-01T12:39:08.579061-0400 INFO Listando todos os contêineres Docker (incluindo parados)
2024-11-01T12:39:13.537672-0400 INFO Listando todos os contêineres Docker (incluindo parados)
2024-11-01T12:39:18.603064-0400 INFO Listando todos os contêineres Docker (incluindo parados)
2024-11-01T12:39:23.548280-0400 INFO Listando todos os contêineres Docker (incluindo parados)
2024-11-01T12:39:28.531737-0400 INFO Listando todos os contêineres Docker (incluindo parados)
2024-11-01T12:39:33.538892-0400 INFO Listando todos os contêineres Docker (incluindo parados)
2024-11-01T12:39:38.549037-0400 INFO Listando todos os contêineres Docker (incluindo parados)
2024-11-01T12:39:43.526264-0400 INFO Listando todos os contêineres Docker (incluindo parados)
2024-11-01T12:39:48.551721-0400 INFO Listando todos os contêineres Docker (incluindo parados)
2024-11-01T12:39:53.575349-0400 INFO Listando todos os contêineres Docker (incluindo parados)
2024-11-01T12:39:58.637564-0400 INFO Listando todos os contêineres Docker (incluindo parados)
2024-11-01T12:40:03.635326-0400 INFO Listando todos os contêineres Docker (incluindo parados)
2024-11-01T12:40:08.535826-0400 INFO Listando todos os contêineres Docker (incluindo parados)
2024-11-01T12:40:13.612732-0400 INFO Listando todos os contêineres Docker (incluindo parados)
2024-11-01T12:40:18.636137-0400 INFO Listando todos os contêineres Docker (incluindo parados)
2024-11-01T12:40:23.526134-0400 INFO Listando todos os contêineres Docker (incluindo parados)
2024-11-01T12:40:28.565149-0400 INFO Listando todos os contêineres Docker (incluindo parados)
2024-11-01T12:40:33.730459-0400 INFO Listando todos os contêineres Docker (incluindo parados)
2024-11-01T12:40:38.597368-0400 INFO Listando todos os contêineres Docker (incluindo parados)
2024-11-01T12:40:43.652119-0400 INFO Listando todos os contêineres Docker (incluindo parados)
2024-11-01T12:40:48.565637-0400 INFO Listando todos os contêineres Docker (incluindo parados)
2024-11-01T12:40:53.697226-0400 INFO Listando todos os contêineres Docker (incluindo parados)
2024-11-01T12:40:58.593011-0400 INFO Listando todos os contêineres Docker (incluindo parados)
2024-11-01T12:41:03.706094-0400 INFO Listando todos os contêineres Docker (incluindo parados)
2024-11-01T12:41:08.593219-0400 INFO Listando todos os contêineres Docker (incluindo parados)
2024-11-01T12:41:13.618321-0400 INFO Listando todos os contêineres Docker (incluindo parados)
2024-11-01T12:41:15.316055-0400 INFO Contêiner 8e1195fa7fab parado
2024-11-01T12:41:18.310594-0400 INFO Listando todos os contêineres Docker (incluindo parados)
2024-11-01T12:41:19.093312-0400 INFO Listando todos os contêineres Docker (incluindo parados)
2024-11-01T12:41:23.718309-0400 INFO Listando todos os contêineres Docker (incluindo parados)
2024-11-01T12:41:28.686416-0400 INFO Listando todos os contêineres Docker (incluindo parados)
2024-11-01T12:41:39.937677-0400 INFO Contêiner 92bff26b8603 parado
2024-11-01T12:41:40.766120-0400 INFO Listando todos os contêineres Docker (incluindo parados)
2024-11-01T12:41:41.571899-0400 INFO Listando todos os contêineres Docker (incluindo parados)
2024-11-01T12:41:43.431571-0400 INFO Listando todos os contêineres Docker (incluindo parados)
2024-11-01T12:41:44.282993-0400 INFO Listando todos os contêineres Docker (incluindo parados)
2024-11-01T12:41:48.837594-0400 INFO Listando todos os contêineres Docker (incluindo parados)
2024-11-01T12:41:53.681916-0400 INFO Listando todos os contêineres Docker (incluindo parados)
2024-11-01T12:41:58.715661-0400 INFO Listando todos os contêineres Docker (incluindo parados)
2024-11-01T12:42:03.696143-0400 INFO Listando todos os contêineres Docker (incluindo parados)
2024-11-01T12:42:08.838279-0400 INFO Listando todos os contêineres Docker (incluindo parados)
2024-11-01T12:42:13.790836-0400 INFO Listando todos os contêineres Docker (incluindo parados)
2024-11-01T12:42:19.359441-0400 INFO Listando todos os contêineres Docker (incluindo parados)
2024-11-01T12:42:23.953481-0400 INFO Listando todos os contêineres Docker (incluindo parados)
2024-11-01T12:42:28.750251-0400 INFO Listando todos os contêineres Docker (incluindo parados)
2024-11-01T12:42:33.694069-0400 INFO Listando todos os contêineres Docker (incluindo parados)
2024-11-01T12:42:38.715846-0400 INFO Listando todos os contêineres Docker (incluindo parados)
2024-11-01T12:42:43.763523-0400 INFO Listando todos os contêineres Docker (incluindo parados)
2024-11-01T12:42:48.721366-0400 INFO Listando todos os contêineres Docker (incluindo parados)
2024-11-01T12:42:53.718341-0400 INFO Listando todos os contêineres Docker (incluindo parados)
2024-11-01T12:42:58.680659-0400 INFO Listando todos os contêineres Docker (incluindo parados)
2024-11-01T12:43:03.845687-0400 INFO Listando todos os contêineres Docker (incluindo parados)
2024-11-01T12:43:08.703317-0400 INFO Listando todos os contêineres Docker (incluindo parados)
2024-11-01T12:43:13.695575-0400 INFO Listando todos os contêineres Docker (incluindo parados)
2024-11-01T12:43:18.701158-0400 INFO Listando todos os contêineres Docker (incluindo parados)
2024-11-01T12:43:23.709897-0400 INFO Listando todos os contêineres Docker (incluindo parados)
2024-11-01T12:43:28.787734-0400 INFO Listando todos os contêineres Docker (incluindo parados)
2024-11-01T12:43:33.688346-0400 INFO Listando todos os contêineres Docker (incluindo parados)
2024-11-01T12:43:38.729965-0400 INFO Listando todos os contêineres Docker (incluindo parados)
2024-11-01T12:43:43.802199-0400 INFO Listando todos os contêineres Docker (incluindo parados)
2024-11-01T12:43:48.692495-0400 INFO Listando todos os contêineres Docker (incluindo parados)
2024-11-01T12:43:53.715522-0400 INFO Listando todos os contêineres Docker (incluindo parados)
2024-11-01T12:43:58.766711-0400 INFO Listando todos os contêineres Docker (incluindo parados)
2024-11-01T12:44:03.862688-0400 INFO Listando todos os contêineres Docker (incluindo parados)
2024-11-01T12:44:09.068989-0400 INFO Listando todos os contêineres Docker (incluindo parados)
2024-11-01T12:44:14.762067-0400 INFO Listando todos os contêineres Docker (incluindo parados)
2024-11-01T12:44:19.807855-0400 INFO Listando todos os contêineres Docker (incluindo parados)
2024-11-01T12:44:25.490615-0400 INFO Listando todos os contêineres Docker (incluindo parados)
2024-11-01T12:44:29.883916-0400 INFO Listando todos os contêineres Docker (incluindo parados)
2024-11-01T12:44:36.110132-0400 INFO Listando todos os contêineres Docker (incluindo parados)
2024-11-01T12:44:39.702719-0400 INFO Listando todos os contêineres Docker (incluindo parados)
2024-11-01T12:44:44.746290-0400 INFO Listando todos os contêineres Docker (incluindo parados)
2024-11-01T12:44:49.826002-0400 INFO Listando todos os contêineres Docker (incluindo parados)
2024-11-01T12:44:54.760626-0400 INFO Listando todos os contêineres Docker (incluindo parados)
2024-11-01T12:44:59.733282-0400 INFO Listando todos os contêineres Docker (incluindo parados)
2024-11-01T12:45:04.756506-0400 INFO Listando todos os contêineres Docker (incluindo parados)
2024-11-01T12:45:09.867495-0400 INFO Listando todos os contêineres Docker (incluindo parados)
2024-11-01T12:45:16.426091-0400 INFO Listando todos os contêineres Docker (incluindo parados)
2024-11-01T12:45:18.503612-0400 INFO Listando todos os contêineres Docker (incluindo parados)
2024-11-01T12:45:23.582045-0400 INFO Listando todos os contêineres Docker (incluindo parados)
2024-11-01T12:45:28.582790-0400 INFO Listando todos os contêineres Docker (incluindo parados)
2024-11-01T12:45:33.611547-0400 INFO Listando todos os contêineres Docker (incluindo parados)
2024-11-01T12:45:38.460123-0400 INFO Listando todos os contêineres Docker (incluindo parados)
2024-11-01T12:45:43.502717-0400 INFO Listando todos os contêineres Docker (incluindo parados)
2024-11-01T12:45:48.488361-0400 INFO Listando todos os contêineres Docker (incluindo parados)
2024-11-01T12:45:53.431459-0400 INFO Listando todos os contêineres Docker (incluindo parados)
2024-11-01T12:45:54.560141-0400 INFO Listando todos os contêineres Docker (incluindo parados)
2024-11-01T12:45:59.693437-0400 INFO Listando todos os contêineres Docker (incluindo parados)
2024-11-01T12:46:00.725358-0400 INFO Contêiner 92bff26b8603 iniciado
2024-11-01T12:46:05.104866-0400 INFO Listando todos os contêineres Docker (incluindo parados)
2024-11-01T12:46:05.768995-0400 INFO Listando todos os contêineres Docker (incluindo parados)
2024-11-01T12:46:09.404335-0400 INFO Listando todos os contêineres Docker (incluindo parados)
2024-11-01T12:46:14.585771-0400 INFO Listando todos os contêineres Docker (incluindo parados)
2024-11-01T12:46:19.639749-0400 INFO Listando todos os contêineres Docker (incluindo parados)
2024-11-01T12:46:24.436547-0400 INFO Listando todos os contêineres Docker (incluindo parados)
2024-11-01T12:46:29.393549-0400 INFO Listando todos os contêineres Docker (incluindo parados)
2024-11-01T12:46:34.434640-0400 INFO Listando todos os contêineres Docker (incluindo parados)
2024-11-01T12:46:39.398777-0400 INFO Listando todos os contêineres Docker (incluindo parados)
2024-11-01T12:46:44.475261-0400 INFO Listando todos os contêineres Docker (incluindo parados)
2024-11-01T12:46:49.440974-0400 INFO Listando todos os contêineres Docker (incluindo parados)
2024-11-01T12:46:54.399137-0400 INFO Listando todos os contêineres Docker (incluindo parados)
2024-11-01T12:46:59.498665-0400 INFO Listando todos os contêineres Docker (incluindo parados)
2024-11-01T12:47:04.469336-0400 INFO Listando todos os contêineres Docker (incluindo parados)
2024-11-01T12:47:09.451072-0400 INFO Listando todos os contêineres Docker (incluindo parados)
2024-11-01T12:47:14.417930-0400 INFO Listando todos os contêineres Docker (incluindo parados)
2024-11-01T12:47:19.421476-0400 INFO Listando todos os contêineres Docker (incluindo parados)
2024-11-01T12:47:24.464602-0400 INFO Listando todos os contêineres Docker (incluindo parados)
2024-11-01T12:47:29.494822-0400 INFO Listando todos os contêineres Docker (incluindo parados)
2024-11-01T12:47:34.548290-0400 INFO Listando todos os contêineres Docker (incluindo parados)
2024-11-01T12:47:39.431379-0400 INFO Listando todos os contêineres Docker (incluindo parados)
2024-11-01T12:47:44.471616-0400 INFO Listando todos os contêineres Docker (incluindo parados)
2024-11-01T12:47:49.394654-0400 INFO Listando todos os contêineres Docker (incluindo parados)
2024-11-01T12:47:54.438118-0400 INFO Listando todos os contêineres Docker (incluindo parados)
2024-11-01T12:47:59.398718-0400 INFO Listando todos os contêineres Docker (incluindo parados)
2024-11-01T12:48:04.429509-0400 INFO Listando todos os contêineres Docker (incluindo parados)
2024-11-01T12:48:09.393387-0400 INFO Listando todos os contêineres Docker (incluindo parados)
2024-11-01T12:48:14.429839-0400 INFO Listando todos os contêineres Docker (incluindo parados)
2024-11-01T12:48:19.594670-0400 INFO Listando todos os contêineres Docker (incluindo parados)
2024-11-01T12:48:24.448751-0400 INFO Listando todos os contêineres Docker (incluindo parados)
2024-11-01T12:48:29.483140-0400 INFO Listando todos os contêineres Docker (incluindo parados)
2024-11-01T12:48:34.529177-0400 INFO Listando todos os contêineres Docker (incluindo parados)
2024-11-01T12:48:39.508808-0400 INFO Listando todos os contêineres Docker (incluindo parados)
2024-11-01T12:48:44.472656-0400 INFO Listando todos os contêineres Docker (incluindo parados)
2024-11-01T12:48:49.560584-0400 INFO Listando todos os contêineres Docker (incluindo parados)
2024-11-01T12:48:54.530318-0400 INFO Listando todos os contêineres Docker (incluindo parados)
2024-11-01T12:48:59.466466-0400 INFO Listando todos os contêineres Docker (incluindo parados)
2024-11-01T12:49:04.411364-0400 INFO Listando todos os contêineres Docker (incluindo parados)
2024-11-01T12:49:09.393152-0400 INFO Listando todos os contêineres Docker (incluindo parados)
2024-11-01T12:49:14.433333-0400 INFO Listando todos os contêineres Docker (incluindo parados)
2024-11-01T12:49:19.424421-0400 INFO Listando todos os contêineres Docker (incluindo parados)
2024-11-01T12:49:24.468993-0400 INFO Listando todos os contêineres Docker (incluindo parados)
2024-11-01T12:49:29.483796-0400 INFO Listando todos os contêineres Docker (incluindo parados)
2024-11-01T12:49:34.491355-0400 INFO Listando todos os contêineres Docker (incluindo parados)
2024-11-01T12:49:39.494483-0400 INFO Listando todos os contêineres Docker (incluindo parados)
2024-11-01T12:49:44.478092-0400 INFO Listando todos os contêineres Docker (incluindo parados)
2024-11-01T12:49:49.560314-0400 INFO Listando todos os contêineres Docker (incluindo parados)
2024-11-01T12:49:54.521835-0400 INFO Listando todos os contêineres Docker (incluindo parados)
2024-11-01T12:49:59.517561-0400 INFO Listando todos os contêineres Docker (incluindo parados)
2024-11-01T12:50:04.449437-0400 INFO Listando todos os contêineres Docker (incluindo parados)
2024-11-01T12:50:09.439487-0400 INFO Listando todos os contêineres Docker (incluindo parados)
2024-11-01T12:50:14.479246-0400 INFO Listando todos os contêineres Docker (incluindo parados)
2024-11-01T12:50:19.617692-0400 INFO Listando todos os contêineres Docker (incluindo parados)
2024-11-01T12:50:24.462041-0400 INFO Listando todos os contêineres Docker (incluindo parados)
2024-11-01T12:50:29.469845-0400 INFO Listando todos os contêineres Docker (incluindo parados)
2024-11-01T12:50:34.492952-0400 INFO Listando todos os contêineres Docker (incluindo parados)
2024-11-01T12:50:39.434966-0400 INFO Listando todos os contêineres Docker (incluindo parados)
2024-11-01T12:50:44.448229-0400 INFO Listando todos os contêineres Docker (incluindo parados)
2024-11-01T12:50:49.452067-0400 INFO Listando todos os contêineres Docker (incluindo parados)
2024-11-01T12:50:54.578755-0400 INFO Listando todos os contêineres Docker (incluindo parados)
2024-11-01T12:50:59.522195-0400 INFO Listando todos os contêineres Docker (incluindo parados)
2024-11-01T12:51:04.498756-0400 INFO Listando todos os contêineres Docker (incluindo parados)
2024-11-01T12:51:09.449489-0400 INFO Listando todos os contêineres Docker (incluindo parados)
2024-11-01T12:51:14.428320-0400 INFO Listando todos os contêineres Docker (incluindo parados)
2024-11-01T12:51:19.401756-0400 INFO Listando todos os contêineres Docker (incluindo parados)
2024-11-01T12:51:24.497889-0400 INFO Listando todos os contêineres Docker (incluindo parados)
2024-11-01T12:51:29.592295-0400 INFO Listando todos os contêineres Docker (incluindo parados)
2024-11-01T12:51:34.502404-0400 INFO Listando todos os contêineres Docker (incluindo parados)
2024-11-01T12:51:39.490263-0400 INFO Listando todos os contêineres Docker (incluindo parados)
2024-11-01T12:51:44.641247-0400 INFO Listando todos os contêineres Docker (incluindo parados)
2024-11-01T12:51:49.506930-0400 INFO Listando todos os contêineres Docker (incluindo parados)
2024-11-01T12:51:54.682118-0400 INFO Listando todos os contêineres Docker (incluindo parados)
2024-11-01T12:51:59.618211-0400 INFO Listando todos os contêineres Docker (incluindo parados)
2024-11-01T12:52:04.465365-0400 INFO Listando todos os contêineres Docker (incluindo parados)
2024-11-01T12:52:09.553435-0400 INFO Listando todos os contêineres Docker (incluindo parados)
2024-11-01T12:52:14.462561-0400 INFO Listando todos os contêineres Docker (incluindo parados)
2024-11-01T12:52:19.419081-0400 INFO Listando todos os contêineres Docker (incluindo parados)
2024-11-01T12:52:24.416870-0400 INFO Listando todos os contêineres Docker (incluindo parados)
2024-11-01T12:52:29.844907-0400 INFO Listando todos os contêineres Docker (incluindo parados)
2024-11-01T12:52:34.431961-0400 INFO Listando todos os contêineres Docker (incluindo parados)
2024-11-01T12:52:39.390550-0400 INFO Listando todos os contêineres Docker (incluindo parados)
2024-11-01T12:52:44.513512-0400 INFO Listando todos os contêineres Docker (incluindo parados)
2024-11-01T12:52:49.553680-0400 INFO Listando todos os contêineres Docker (incluindo parados)
2024-11-01T12:52:54.492984-0400 INFO Listando todos os contêineres Docker (incluindo parados)
2024-11-01T12:52:59.435722-0400 INFO Listando todos os contêineres Docker (incluindo parados)
2024-11-01T12:53:04.492466-0400 INFO Listando todos os contêineres Docker (incluindo parados)
2024-11-01T12:53:09.470307-0400 INFO Listando todos os contêineres Docker (incluindo parados)
2024-11-01T12:53:14.472492-0400 INFO Listando todos os contêineres Docker (incluindo parados)
2024-11-01T12:53:19.575653-0400 INFO Listando todos os contêineres Docker (incluindo parados)
2024-11-01T12:53:24.929150-0400 INFO Listando todos os contêineres Docker (incluindo parados)
2024-11-01T12:53:29.459797-0400 INFO Listando todos os contêineres Docker (incluindo parados)
2024-11-01T12:53:34.534884-0400 INFO Listando todos os contêineres Docker (incluindo parados)
2024-11-01T12:53:39.415782-0400 INFO Listando todos os contêineres Docker (incluindo parados)
2024-11-01T12:53:44.467388-0400 INFO Listando todos os contêineres Docker (incluindo parados)
2024-11-01T12:53:49.451784-0400 INFO Listando todos os contêineres Docker (incluindo parados)
2024-11-01T12:53:54.389915-0400 INFO Listando todos os contêineres Docker (incluindo parados)
2024-11-01T12:53:59.391487-0400 INFO Listando todos os contêineres Docker (incluindo parados)
2024-11-01T12:54:04.427682-0400 INFO Listando todos os contêineres Docker (incluindo parados)
2024-11-01T12:54:09.425434-0400 INFO Listando todos os contêineres Docker (incluindo parados)
2024-11-01T12:54:14.497203-0400 INFO Listando todos os contêineres Docker (incluindo parados)
2024-11-01T12:54:19.486346-0400 INFO Listando todos os contêineres Docker (incluindo parados)
2024-11-01T12:54:24.413316-0400 INFO Listando todos os contêineres Docker (incluindo parados)
2024-11-01T12:54:29.564260-0400 INFO Listando todos os contêineres Docker (incluindo parados)
2024-11-01T12:54:34.668071-0400 INFO Listando todos os contêineres Docker (incluindo parados)
2024-11-01T12:54:39.554918-0400 INFO Listando todos os contêineres Docker (incluindo parados)
2024-11-01T12:54:45.000722-0400 INFO Listando todos os contêineres Docker (incluindo parados)
2024-11-01T12:54:49.549465-0400 INFO Listando todos os contêineres Docker (incluindo parados)
2024-11-01T12:54:54.453863-0400 INFO Listando todos os contêineres Docker (incluindo parados)
2024-11-01T12:54:59.496099-0400 INFO Listando todos os contêineres Docker (incluindo parados)
2024-11-01T12:55:04.507637-0400 INFO Listando todos os contêineres Docker (incluindo parados)
2024-11-01T12:55:09.721162-0400 INFO Listando todos os contêineres Docker (incluindo parados)
2024-11-01T12:55:14.694617-0400 INFO Listando todos os contêineres Docker (incluindo parados)
2024-11-01T12:55:19.716355-0400 INFO Listando todos os contêineres Docker (incluindo parados)
2024-11-01T12:55:24.674256-0400 INFO Listando todos os contêineres Docker (incluindo parados)
2024-11-01T12:55:29.625049-0400 INFO Listando todos os contêineres Docker (incluindo parados)
2024-11-01T12:55:34.742880-0400 INFO Listando todos os contêineres Docker (incluindo parados)
2024-11-01T12:55:39.677019-0400 INFO Listando todos os contêineres Docker (incluindo parados)
2024-11-01T12:55:44.774263-0400 INFO Listando todos os contêineres Docker (incluindo parados)
2024-11-01T12:55:49.724555-0400 INFO Listando todos os contêineres Docker (incluindo parados)
2024-11-01T12:55:54.830614-0400 INFO Listando todos os contêineres Docker (incluindo parados)
2024-11-01T12:55:59.761094-0400 INFO Listando todos os contêineres Docker (incluindo parados)
2024-11-01T12:56:04.761469-0400 INFO Listando todos os contêineres Docker (incluindo parados)
2024-11-01T12:56:50.766649-0400 INFO Listando todos os contêineres Docker (incluindo parados)
2024-11-01T13:00:50.824367-0400 INFO Listando 6 contêineres Docker filtrados
2024-11-01T13:00:54.492557-0400 INFO Listando 6 contêineres Docker filtrados
2024-11-01T13:00:57.073091-0400 INFO Listando 6 contêineres Docker filtrados
2024-11-01T13:01:02.118662-0400 INFO Listando 6 contêineres Docker filtrados
2024-11-01T13:01:07.123512-0400 INFO Listando 6 contêineres Docker filtrados
2024-11-01T13:01:11.998980-0400 INFO Listando 6 contêineres Docker filtrados
2024-11-01T13:01:17.025985-0400 INFO Listando 6 contêineres Docker filtrados
2024-11-01T13:05:51.204299-0400 INFO Loaded 0 container IDs from CSV
2024-11-01T13:06:51.016240-0400 INFO Loaded 0 container IDs from CSV
2024-11-01T13:07:06.082200-0400 INFO Listando 6 contêineres Docker filtrados
2024-11-01T13:07:11.076508-0400 INFO Listando 6 contêineres Docker filtrados
2024-11-01T13:07:12.543734-0400 INFO Listando 6 contêineres Docker filtrados
2024-11-01T13:07:17.530728-0400 INFO Listando 6 contêineres Docker filtrados
2024-11-01T13:07:22.568265-0400 INFO Listando 6 contêineres Docker filtrados
2024-11-01T13:07:27.639391-0400 INFO Listando 6 contêineres Docker filtrados
2024-11-01T13:07:32.521153-0400 INFO Listando 6 contêineres Docker filtrados
2024-11-01T13:07:37.677846-0400 INFO Listando 6 contêineres Docker filtrados
2024-11-01T13:07:43.130292-0400 INFO Listando 6 contêineres Docker filtrados
2024-11-01T13:07:47.659734-0400 INFO Listando 6 contêineres Docker filtrados
2024-11-01T13:07:52.776828-0400 INFO Listando 6 contêineres Docker filtrados
2024-11-01T13:07:57.812696-0400 INFO Listando 6 contêineres Docker filtrados
2024-11-01T13:08:02.710125-0400 INFO Listando 6 contêineres Docker filtrados
2024-11-01T13:08:07.692606-0400 INFO Listando 6 contêineres Docker filtrados
2024-11-01T13:08:12.546582-0400 INFO Listando 6 contêineres Docker filtrados
2024-11-01T13:08:17.666763-0400 INFO Listando 6 contêineres Docker filtrados
2024-11-01T13:08:22.745677-0400 INFO Listando 6 contêineres Docker filtrados
2024-11-01T13:08:27.739245-0400 INFO Listando 6 contêineres Docker filtrados
2024-11-01T13:08:32.729121-0400 INFO Listando 6 contêineres Docker filtrados
2024-11-01T13:08:37.767068-0400 INFO Listando 6 contêineres Docker filtrados
2024-11-01T13:08:42.768973-0400 INFO Listando 6 contêineres Docker filtrados
2024-11-01T13:08:47.829033-0400 INFO Listando 6 contêineres Docker filtrados
2024-11-01T13:09:51.111794-0400 INFO Carregados 4 nomes de contêineres do CSV
2024-11-01T13:09:56.814919-0400 INFO Listando 4 contêineres Docker filtrados
2024-11-01T13:09:57.539323-0400 INFO Listando 4 contêineres Docker filtrados
2024-11-01T13:10:01.913232-0400 INFO Listando 4 contêineres Docker filtrados
2024-11-01T13:10:06.855851-0400 INFO Listando 4 contêineres Docker filtrados
2024-11-01T13:10:18.436593-0400 INFO Listando 4 contêineres Docker filtrados
2024-11-01T13:10:23.550028-0400 INFO Listando 4 contêineres Docker filtrados
2024-11-01T13:10:28.382028-0400 INFO Listando 4 contêineres Docker filtrados
2024-11-01T13:10:29.470853-0400 INFO Contêiner 8e1195fa7fab iniciado
2024-11-01T13:10:31.841709-0400 INFO Listando 4 contêineres Docker filtrados
2024-11-01T13:10:33.338091-0400 INFO Listando 4 contêineres Docker filtrados
2024-11-01T13:10:38.263635-0400 INFO Listando 4 contêineres Docker filtrados
2024-11-01T13:10:42.562355-0400 INFO Listando 4 contêineres Docker filtrados
2024-11-01T13:10:47.567692-0400 INFO Listando 4 contêineres Docker filtrados
2024-11-01T13:10:52.529972-0400 INFO Listando 4 contêineres Docker filtrados
2024-11-01T13:10:57.314401-0400 INFO Listando 0 contêineres Docker filtrados
